<?xml version="1.0" encoding="UTF-8"?>
<coverage generated="1677438731060" clover="3.2.0">
  <project timestamp="1677438731060" name="All files">
    <metrics statements="159" coveredstatements="159" conditionals="72" coveredconditionals="72" methods="20" coveredmethods="20" elements="251" coveredelements="251" complexity="0" loc="159" ncloc="159" packages="1" files="2" classes="2"/>
    <file name="arrays.js" path="C:\Users\pereg\WebstormProjects\RSSchool\unit-testing\src\arrays.js">
      <metrics statements="93" coveredstatements="93" conditionals="44" coveredconditionals="44" methods="13" coveredmethods="13"/>
      <line num="14" count="4" type="stmt"/>
      <line num="15" count="4" type="stmt"/>
      <line num="16" count="10" type="stmt"/>
      <line num="17" count="10" type="stmt"/>
      <line num="18" count="25" type="cond" truecount="2" falsecount="0"/>
      <line num="19" count="1" type="stmt"/>
      <line num="21" count="24" type="stmt"/>
      <line num="23" count="10" type="stmt"/>
      <line num="25" count="4" type="stmt"/>
      <line num="38" count="2" type="stmt"/>
      <line num="39" count="2" type="stmt"/>
      <line num="40" count="20" type="cond" truecount="2" falsecount="0"/>
      <line num="41" count="8" type="stmt"/>
      <line num="44" count="2" type="stmt"/>
      <line num="57" count="12" type="cond" truecount="2" falsecount="0"/>
      <line num="58" count="2" type="stmt"/>
      <line num="60" count="10" type="cond" truecount="2" falsecount="0"/>
      <line num="61" count="1" type="stmt"/>
      <line num="63" count="9" type="stmt"/>
      <line num="64" count="9" type="stmt"/>
      <line num="65" count="19" type="stmt"/>
      <line num="67" count="9" type="stmt"/>
      <line num="81" count="3" type="stmt"/>
      <line num="82" count="3" type="stmt"/>
      <line num="83" count="3" type="stmt"/>
      <line num="84" count="7" type="cond" truecount="2" falsecount="0"/>
      <line num="85" count="2" type="stmt"/>
      <line num="86" count="2" type="stmt"/>
      <line num="89" count="3" type="stmt"/>
      <line num="90" count="5" type="stmt"/>
      <line num="92" count="3" type="stmt"/>
      <line num="105" count="8" type="stmt"/>
      <line num="107" count="8" type="cond" truecount="2" falsecount="0"/>
      <line num="108" count="18" type="stmt"/>
      <line num="111" count="8" type="stmt"/>
      <line num="125" count="7" type="stmt"/>
      <line num="126" count="7" type="cond" truecount="2" falsecount="0"/>
      <line num="127" count="6" type="stmt"/>
      <line num="129" count="7" type="stmt"/>
      <line num="130" count="38" type="cond" truecount="2" falsecount="0"/>
      <line num="131" count="18" type="stmt"/>
      <line num="135" count="7" type="stmt"/>
      <line num="150" count="12" type="cond" truecount="2" falsecount="0"/>
      <line num="151" count="2" type="stmt"/>
      <line num="155" count="10" type="stmt"/>
      <line num="157" count="10" type="stmt"/>
      <line num="158" count="38" type="stmt"/>
      <line num="161" count="10" type="stmt"/>
      <line num="162" count="15" type="cond" truecount="2" falsecount="0"/>
      <line num="163" count="9" type="stmt"/>
      <line num="164" count="9" type="stmt"/>
      <line num="168" count="10" type="stmt"/>
      <line num="188" count="6" type="cond" truecount="2" falsecount="0"/>
      <line num="189" count="1" type="stmt"/>
      <line num="191" count="5" type="cond" truecount="2" falsecount="0"/>
      <line num="192" count="1" type="stmt"/>
      <line num="195" count="4" type="stmt"/>
      <line num="196" count="4" type="stmt"/>
      <line num="197" count="4" type="stmt"/>
      <line num="198" count="21" type="cond" truecount="2" falsecount="0"/>
      <line num="199" count="4" type="stmt"/>
      <line num="200" count="9" type="cond" truecount="2" falsecount="0"/>
      <line num="201" count="9" type="cond" truecount="2" falsecount="0"/>
      <line num="205" count="4" type="stmt"/>
      <line num="209" count="39" type="cond" truecount="2" falsecount="0"/>
      <line num="210" count="39" type="stmt"/>
      <line num="211" count="58" type="cond" truecount="2" falsecount="0"/>
      <line num="213" count="23" type="stmt"/>
      <line num="216" count="45" type="cond" truecount="2" falsecount="0"/>
      <line num="217" count="6" type="stmt"/>
      <line num="220" count="39" type="cond" truecount="2" falsecount="0"/>
      <line num="221" count="3" type="stmt"/>
      <line num="222" count="3" type="stmt"/>
      <line num="223" count="6" type="stmt"/>
      <line num="225" count="3" type="stmt"/>
      <line num="228" count="36" type="stmt"/>
      <line num="243" count="7" type="stmt"/>
      <line num="244" count="7" type="stmt"/>
      <line num="245" count="33" type="stmt"/>
      <line num="247" count="7" type="stmt"/>
      <line num="263" count="3" type="stmt"/>
      <line num="264" count="3" type="stmt"/>
      <line num="265" count="8" type="stmt"/>
      <line num="268" count="3" type="stmt"/>
      <line num="269" count="3" type="stmt"/>
      <line num="270" count="6" type="stmt"/>
      <line num="273" count="3" type="stmt"/>
      <line num="274" count="8" type="stmt"/>
      <line num="275" count="17" type="cond" truecount="2" falsecount="0"/>
      <line num="276" count="2" type="stmt"/>
      <line num="278" count="15" type="stmt"/>
      <line num="283" count="3" type="stmt"/>
      <line num="287" count="2" type="stmt"/>
    </file>
    <file name="objects.js" path="C:\Users\pereg\WebstormProjects\RSSchool\unit-testing\src\objects.js">
      <metrics statements="66" coveredstatements="66" conditionals="28" coveredconditionals="28" methods="7" coveredmethods="7"/>
      <line num="1" count="1" type="stmt"/>
      <line num="2" count="1" type="stmt"/>
      <line num="29" count="12" type="stmt"/>
      <line num="30" count="14" type="cond" truecount="4" falsecount="0"/>
      <line num="31" count="2" type="stmt"/>
      <line num="32" count="2" type="stmt"/>
      <line num="33" count="4" type="stmt"/>
      <line num="35" count="2" type="stmt"/>
      <line num="36" count="12" type="cond" truecount="4" falsecount="0"/>
      <line num="37" count="4" type="stmt"/>
      <line num="39" count="8" type="stmt"/>
      <line num="42" count="12" type="stmt"/>
      <line num="43" count="12" type="stmt"/>
      <line num="44" count="12" type="cond" truecount="2" falsecount="0"/>
      <line num="45" count="2" type="stmt"/>
      <line num="46" count="10" type="stmt"/>
      <line num="50" count="12" type="stmt"/>
      <line num="64" count="5" type="cond" truecount="2" falsecount="0"/>
      <line num="65" count="2" type="stmt"/>
      <line num="66" count="2" type="stmt"/>
      <line num="67" count="2" type="stmt"/>
      <line num="69" count="5" type="stmt"/>
      <line num="70" count="5" type="stmt"/>
      <line num="71" count="11" type="cond" truecount="2" falsecount="0"/>
      <line num="72" count="6" type="stmt"/>
      <line num="75" count="5" type="stmt"/>
      <line num="89" count="7" type="stmt"/>
      <line num="90" count="7" type="stmt"/>
      <line num="91" count="16" type="cond" truecount="2" falsecount="0"/>
      <line num="92" count="8" type="stmt"/>
      <line num="95" count="7" type="stmt"/>
      <line num="107" count="7" type="cond" truecount="2" falsecount="0"/>
      <line num="108" count="2" type="stmt"/>
      <line num="109" count="2" type="stmt"/>
      <line num="110" count="2" type="stmt"/>
      <line num="112" count="7" type="stmt"/>
      <line num="113" count="7" type="stmt"/>
      <line num="114" count="16" type="cond" truecount="2" falsecount="0"/>
      <line num="115" count="6" type="stmt"/>
      <line num="118" count="7" type="stmt"/>
      <line num="131" count="6" type="stmt"/>
      <line num="132" count="6" type="stmt"/>
      <line num="133" count="13" type="cond" truecount="2" falsecount="0"/>
      <line num="134" count="5" type="stmt"/>
      <line num="137" count="6" type="stmt"/>
      <line num="150" count="8" type="stmt"/>
      <line num="151" count="8" type="stmt"/>
      <line num="153" count="8" type="cond" truecount="2" falsecount="0"/>
      <line num="154" count="1" type="stmt"/>
      <line num="157" count="7" type="cond" truecount="2" falsecount="0"/>
      <line num="158" count="1" type="stmt"/>
      <line num="159" count="3" type="stmt"/>
      <line num="160" count="3" type="stmt"/>
      <line num="161" count="3" type="stmt"/>
      <line num="162" count="3" type="stmt"/>
      <line num="164" count="6" type="cond" truecount="2" falsecount="0"/>
      <line num="165" count="2" type="stmt"/>
      <line num="166" count="3" type="stmt"/>
      <line num="169" count="4" type="stmt"/>
      <line num="172" count="7" type="stmt"/>
      <line num="173" count="8" type="stmt"/>
      <line num="174" count="8" type="stmt"/>
      <line num="175" count="8" type="stmt"/>
      <line num="177" count="8" type="stmt"/>
      <line num="180" count="7" type="stmt"/>
      <line num="184" count="1" type="stmt"/>
    </file>
  </project>
</coverage>
