{"C:\\Users\\pereg\\WebstormProjects\\RSSchool\\unit-testing\\src\\arrays.js": {"path":"C:\\Users\\pereg\\WebstormProjects\\RSSchool\\unit-testing\\src\\arrays.js","statementMap":{"0":{"start":{"line":14,"column":21},"end":{"line":14,"column":23}},"1":{"start":{"line":15,"column":8},"end":{"line":24,"column":9}},"2":{"start":{"line":15,"column":21},"end":{"line":15,"column":22}},"3":{"start":{"line":16,"column":29},"end":{"line":16,"column":31}},"4":{"start":{"line":17,"column":12},"end":{"line":22,"column":13}},"5":{"start":{"line":17,"column":25},"end":{"line":17,"column":26}},"6":{"start":{"line":18,"column":16},"end":{"line":20,"column":17}},"7":{"start":{"line":19,"column":20},"end":{"line":19,"column":25}},"8":{"start":{"line":21,"column":16},"end":{"line":21,"column":44}},"9":{"start":{"line":23,"column":12},"end":{"line":23,"column":42}},"10":{"start":{"line":25,"column":8},"end":{"line":25,"column":22}},"11":{"start":{"line":38,"column":21},"end":{"line":38,"column":23}},"12":{"start":{"line":39,"column":8},"end":{"line":43,"column":9}},"13":{"start":{"line":40,"column":12},"end":{"line":42,"column":13}},"14":{"start":{"line":41,"column":16},"end":{"line":41,"column":42}},"15":{"start":{"line":44,"column":8},"end":{"line":44,"column":22}},"16":{"start":{"line":57,"column":8},"end":{"line":59,"column":9}},"17":{"start":{"line":58,"column":12},"end":{"line":58,"column":24}},"18":{"start":{"line":60,"column":8},"end":{"line":62,"column":9}},"19":{"start":{"line":61,"column":12},"end":{"line":61,"column":22}},"20":{"start":{"line":63,"column":21},"end":{"line":63,"column":23}},"21":{"start":{"line":64,"column":8},"end":{"line":66,"column":9}},"22":{"start":{"line":64,"column":21},"end":{"line":64,"column":22}},"23":{"start":{"line":65,"column":12},"end":{"line":65,"column":44}},"24":{"start":{"line":67,"column":8},"end":{"line":67,"column":22}},"25":{"start":{"line":81,"column":23},"end":{"line":81,"column":25}},"26":{"start":{"line":82,"column":20},"end":{"line":82,"column":36}},"27":{"start":{"line":83,"column":8},"end":{"line":88,"column":9}},"28":{"start":{"line":84,"column":12},"end":{"line":87,"column":13}},"29":{"start":{"line":85,"column":16},"end":{"line":85,"column":25}},"30":{"start":{"line":86,"column":16},"end":{"line":86,"column":21}},"31":{"start":{"line":89,"column":8},"end":{"line":91,"column":9}},"32":{"start":{"line":89,"column":21},"end":{"line":89,"column":26}},"33":{"start":{"line":90,"column":12},"end":{"line":90,"column":44}},"34":{"start":{"line":92,"column":8},"end":{"line":92,"column":21}},"35":{"start":{"line":105,"column":21},"end":{"line":105,"column":23}},"36":{"start":{"line":107,"column":8},"end":{"line":109,"column":9}},"37":{"start":{"line":107,"column":21},"end":{"line":107,"column":22}},"38":{"start":{"line":108,"column":12},"end":{"line":108,"column":44}},"39":{"start":{"line":111,"column":8},"end":{"line":111,"column":21}},"40":{"start":{"line":125,"column":21},"end":{"line":125,"column":23}},"41":{"start":{"line":126,"column":8},"end":{"line":128,"column":9}},"42":{"start":{"line":127,"column":12},"end":{"line":127,"column":27}},"43":{"start":{"line":127,"column":26},"end":{"line":127,"column":27}},"44":{"start":{"line":129,"column":8},"end":{"line":133,"column":9}},"45":{"start":{"line":130,"column":12},"end":{"line":132,"column":13}},"46":{"start":{"line":131,"column":16},"end":{"line":131,"column":53}},"47":{"start":{"line":135,"column":8},"end":{"line":135,"column":21}},"48":{"start":{"line":150,"column":8},"end":{"line":152,"column":9}},"49":{"start":{"line":151,"column":12},"end":{"line":151,"column":32}},"50":{"start":{"line":155,"column":20},"end":{"line":155,"column":22}},"51":{"start":{"line":157,"column":8},"end":{"line":159,"column":9}},"52":{"start":{"line":158,"column":12},"end":{"line":158,"column":47}},"53":{"start":{"line":161,"column":8},"end":{"line":166,"column":9}},"54":{"start":{"line":161,"column":21},"end":{"line":161,"column":22}},"55":{"start":{"line":162,"column":12},"end":{"line":165,"column":13}},"56":{"start":{"line":163,"column":16},"end":{"line":163,"column":33}},"57":{"start":{"line":164,"column":16},"end":{"line":164,"column":21}},"58":{"start":{"line":168,"column":8},"end":{"line":168,"column":21}},"59":{"start":{"line":188,"column":12},"end":{"line":190,"column":13}},"60":{"start":{"line":189,"column":16},"end":{"line":189,"column":28}},"61":{"start":{"line":191,"column":12},"end":{"line":193,"column":13}},"62":{"start":{"line":192,"column":16},"end":{"line":192,"column":27}},"63":{"start":{"line":195,"column":22},"end":{"line":195,"column":27}},"64":{"start":{"line":196,"column":20},"end":{"line":196,"column":21}},"65":{"start":{"line":197,"column":12},"end":{"line":204,"column":13}},"66":{"start":{"line":197,"column":25},"end":{"line":197,"column":34}},"67":{"start":{"line":198,"column":16},"end":{"line":203,"column":17}},"68":{"start":{"line":199,"column":20},"end":{"line":202,"column":21}},"69":{"start":{"line":199,"column":33},"end":{"line":199,"column":34}},"70":{"start":{"line":200,"column":24},"end":{"line":200,"column":59}},"71":{"start":{"line":200,"column":56},"end":{"line":200,"column":59}},"72":{"start":{"line":201,"column":24},"end":{"line":201,"column":58}},"73":{"start":{"line":201,"column":48},"end":{"line":201,"column":58}},"74":{"start":{"line":205,"column":12},"end":{"line":205,"column":23}},"75":{"start":{"line":209,"column":28},"end":{"line":209,"column":61}},"76":{"start":{"line":210,"column":12},"end":{"line":212,"column":13}},"77":{"start":{"line":210,"column":25},"end":{"line":210,"column":44}},"78":{"start":{"line":211,"column":16},"end":{"line":211,"column":52}},"79":{"start":{"line":211,"column":41},"end":{"line":211,"column":52}},"80":{"start":{"line":213,"column":12},"end":{"line":213,"column":24}},"81":{"start":{"line":216,"column":8},"end":{"line":218,"column":9}},"82":{"start":{"line":217,"column":12},"end":{"line":217,"column":42}},"83":{"start":{"line":220,"column":8},"end":{"line":226,"column":9}},"84":{"start":{"line":221,"column":26},"end":{"line":221,"column":28}},"85":{"start":{"line":222,"column":12},"end":{"line":224,"column":13}},"86":{"start":{"line":223,"column":16},"end":{"line":223,"column":51}},"87":{"start":{"line":225,"column":12},"end":{"line":225,"column":39}},"88":{"start":{"line":228,"column":8},"end":{"line":228,"column":40}},"89":{"start":{"line":243,"column":21},"end":{"line":243,"column":23}},"90":{"start":{"line":244,"column":8},"end":{"line":246,"column":9}},"91":{"start":{"line":245,"column":12},"end":{"line":245,"column":55}},"92":{"start":{"line":247,"column":8},"end":{"line":247,"column":22}},"93":{"start":{"line":263,"column":21},"end":{"line":263,"column":22}},"94":{"start":{"line":264,"column":8},"end":{"line":266,"column":9}},"95":{"start":{"line":265,"column":12},"end":{"line":265,"column":47}},"96":{"start":{"line":268,"column":21},"end":{"line":268,"column":23}},"97":{"start":{"line":269,"column":8},"end":{"line":271,"column":9}},"98":{"start":{"line":269,"column":21},"end":{"line":269,"column":22}},"99":{"start":{"line":270,"column":12},"end":{"line":270,"column":38}},"100":{"start":{"line":273,"column":8},"end":{"line":281,"column":9}},"101":{"start":{"line":273,"column":21},"end":{"line":273,"column":22}},"102":{"start":{"line":274,"column":12},"end":{"line":280,"column":13}},"103":{"start":{"line":274,"column":25},"end":{"line":274,"column":26}},"104":{"start":{"line":275,"column":16},"end":{"line":279,"column":17}},"105":{"start":{"line":276,"column":20},"end":{"line":276,"column":54}},"106":{"start":{"line":278,"column":20},"end":{"line":278,"column":62}},"107":{"start":{"line":283,"column":8},"end":{"line":283,"column":21}},"108":{"start":{"line":287,"column":0},"end":{"line":287,"column":28}}},"fnMap":{"0":{"name":"(anonymous_0)","decl":{"start":{"line":13,"column":4},"end":{"line":13,"column":5}},"loc":{"start":{"line":13,"column":23},"end":{"line":26,"column":5}},"line":13},"1":{"name":"(anonymous_1)","decl":{"start":{"line":37,"column":4},"end":{"line":37,"column":5}},"loc":{"start":{"line":37,"column":19},"end":{"line":45,"column":5}},"line":37},"2":{"name":"(anonymous_2)","decl":{"start":{"line":56,"column":4},"end":{"line":56,"column":5}},"loc":{"start":{"line":56,"column":23},"end":{"line":68,"column":5}},"line":56},"3":{"name":"(anonymous_3)","decl":{"start":{"line":80,"column":4},"end":{"line":80,"column":5}},"loc":{"start":{"line":80,"column":27},"end":{"line":93,"column":5}},"line":80},"4":{"name":"(anonymous_4)","decl":{"start":{"line":104,"column":4},"end":{"line":104,"column":5}},"loc":{"start":{"line":104,"column":23},"end":{"line":112,"column":5}},"line":104},"5":{"name":"(anonymous_5)","decl":{"start":{"line":124,"column":4},"end":{"line":124,"column":5}},"loc":{"start":{"line":124,"column":29},"end":{"line":136,"column":5}},"line":124},"6":{"name":"(anonymous_6)","decl":{"start":{"line":127,"column":19},"end":{"line":127,"column":20}},"loc":{"start":{"line":127,"column":26},"end":{"line":127,"column":27}},"line":127},"7":{"name":"(anonymous_7)","decl":{"start":{"line":149,"column":4},"end":{"line":149,"column":5}},"loc":{"start":{"line":149,"column":34},"end":{"line":169,"column":5}},"line":149},"8":{"name":"(anonymous_8)","decl":{"start":{"line":186,"column":4},"end":{"line":186,"column":5}},"loc":{"start":{"line":186,"column":47},"end":{"line":229,"column":5}},"line":186},"9":{"name":"includesSub","decl":{"start":{"line":187,"column":17},"end":{"line":187,"column":28}},"loc":{"start":{"line":187,"column":37},"end":{"line":206,"column":9}},"line":187},"10":{"name":"includesArray","decl":{"start":{"line":208,"column":17},"end":{"line":208,"column":30}},"loc":{"start":{"line":208,"column":39},"end":{"line":214,"column":9}},"line":208},"11":{"name":"(anonymous_11)","decl":{"start":{"line":242,"column":4},"end":{"line":242,"column":5}},"loc":{"start":{"line":242,"column":26},"end":{"line":248,"column":5}},"line":242},"12":{"name":"(anonymous_12)","decl":{"start":{"line":262,"column":4},"end":{"line":262,"column":5}},"loc":{"start":{"line":262,"column":19},"end":{"line":284,"column":5}},"line":262}},"branchMap":{"0":{"loc":{"start":{"line":18,"column":16},"end":{"line":20,"column":17}},"type":"if","locations":[{"start":{"line":18,"column":16},"end":{"line":20,"column":17}},{"start":{},"end":{}}],"line":18},"1":{"loc":{"start":{"line":40,"column":12},"end":{"line":42,"column":13}},"type":"if","locations":[{"start":{"line":40,"column":12},"end":{"line":42,"column":13}},{"start":{},"end":{}}],"line":40},"2":{"loc":{"start":{"line":56,"column":16},"end":{"line":56,"column":21}},"type":"default-arg","locations":[{"start":{"line":56,"column":20},"end":{"line":56,"column":21}}],"line":56},"3":{"loc":{"start":{"line":57,"column":8},"end":{"line":59,"column":9}},"type":"if","locations":[{"start":{"line":57,"column":8},"end":{"line":59,"column":9}},{"start":{},"end":{}}],"line":57},"4":{"loc":{"start":{"line":60,"column":8},"end":{"line":62,"column":9}},"type":"if","locations":[{"start":{"line":60,"column":8},"end":{"line":62,"column":9}},{"start":{},"end":{}}],"line":60},"5":{"loc":{"start":{"line":84,"column":12},"end":{"line":87,"column":13}},"type":"if","locations":[{"start":{"line":84,"column":12},"end":{"line":87,"column":13}},{"start":{},"end":{}}],"line":84},"6":{"loc":{"start":{"line":104,"column":16},"end":{"line":104,"column":21}},"type":"default-arg","locations":[{"start":{"line":104,"column":20},"end":{"line":104,"column":21}}],"line":104},"7":{"loc":{"start":{"line":107,"column":24},"end":{"line":107,"column":49}},"type":"binary-expr","locations":[{"start":{"line":107,"column":24},"end":{"line":107,"column":29}},{"start":{"line":107,"column":33},"end":{"line":107,"column":49}}],"line":107},"8":{"loc":{"start":{"line":126,"column":8},"end":{"line":128,"column":9}},"type":"if","locations":[{"start":{"line":126,"column":8},"end":{"line":128,"column":9}},{"start":{},"end":{}}],"line":126},"9":{"loc":{"start":{"line":130,"column":12},"end":{"line":132,"column":13}},"type":"if","locations":[{"start":{"line":130,"column":12},"end":{"line":132,"column":13}},{"start":{},"end":{}}],"line":130},"10":{"loc":{"start":{"line":149,"column":27},"end":{"line":149,"column":32}},"type":"default-arg","locations":[{"start":{"line":149,"column":31},"end":{"line":149,"column":32}}],"line":149},"11":{"loc":{"start":{"line":150,"column":8},"end":{"line":152,"column":9}},"type":"if","locations":[{"start":{"line":150,"column":8},"end":{"line":152,"column":9}},{"start":{},"end":{}}],"line":150},"12":{"loc":{"start":{"line":162,"column":12},"end":{"line":165,"column":13}},"type":"if","locations":[{"start":{"line":162,"column":12},"end":{"line":165,"column":13}},{"start":{},"end":{}}],"line":162},"13":{"loc":{"start":{"line":186,"column":32},"end":{"line":186,"column":45}},"type":"default-arg","locations":[{"start":{"line":186,"column":44},"end":{"line":186,"column":45}}],"line":186},"14":{"loc":{"start":{"line":188,"column":12},"end":{"line":190,"column":13}},"type":"if","locations":[{"start":{"line":188,"column":12},"end":{"line":190,"column":13}},{"start":{},"end":{}}],"line":188},"15":{"loc":{"start":{"line":191,"column":12},"end":{"line":193,"column":13}},"type":"if","locations":[{"start":{"line":191,"column":12},"end":{"line":193,"column":13}},{"start":{},"end":{}}],"line":191},"16":{"loc":{"start":{"line":198,"column":16},"end":{"line":203,"column":17}},"type":"if","locations":[{"start":{"line":198,"column":16},"end":{"line":203,"column":17}},{"start":{},"end":{}}],"line":198},"17":{"loc":{"start":{"line":200,"column":24},"end":{"line":200,"column":59}},"type":"if","locations":[{"start":{"line":200,"column":24},"end":{"line":200,"column":59}},{"start":{},"end":{}}],"line":200},"18":{"loc":{"start":{"line":201,"column":24},"end":{"line":201,"column":58}},"type":"if","locations":[{"start":{"line":201,"column":24},"end":{"line":201,"column":58}},{"start":{},"end":{}}],"line":201},"19":{"loc":{"start":{"line":209,"column":28},"end":{"line":209,"column":61}},"type":"cond-expr","locations":[{"start":{"line":209,"column":44},"end":{"line":209,"column":57}},{"start":{"line":209,"column":60},"end":{"line":209,"column":61}}],"line":209},"20":{"loc":{"start":{"line":211,"column":16},"end":{"line":211,"column":52}},"type":"if","locations":[{"start":{"line":211,"column":16},"end":{"line":211,"column":52}},{"start":{},"end":{}}],"line":211},"21":{"loc":{"start":{"line":216,"column":8},"end":{"line":218,"column":9}},"type":"if","locations":[{"start":{"line":216,"column":8},"end":{"line":218,"column":9}},{"start":{},"end":{}}],"line":216},"22":{"loc":{"start":{"line":220,"column":8},"end":{"line":226,"column":9}},"type":"if","locations":[{"start":{"line":220,"column":8},"end":{"line":226,"column":9}},{"start":{},"end":{}}],"line":220},"23":{"loc":{"start":{"line":275,"column":16},"end":{"line":279,"column":17}},"type":"if","locations":[{"start":{"line":275,"column":16},"end":{"line":279,"column":17}},{"start":{"line":277,"column":23},"end":{"line":279,"column":17}}],"line":275}},"s":{"0":4,"1":4,"2":4,"3":10,"4":10,"5":10,"6":25,"7":1,"8":24,"9":10,"10":4,"11":2,"12":2,"13":20,"14":8,"15":2,"16":12,"17":2,"18":10,"19":1,"20":9,"21":9,"22":9,"23":19,"24":9,"25":3,"26":3,"27":3,"28":7,"29":2,"30":2,"31":3,"32":3,"33":5,"34":3,"35":8,"36":8,"37":8,"38":18,"39":8,"40":7,"41":7,"42":1,"43":6,"44":7,"45":38,"46":18,"47":7,"48":12,"49":2,"50":10,"51":10,"52":38,"53":10,"54":10,"55":15,"56":9,"57":9,"58":10,"59":6,"60":1,"61":5,"62":1,"63":4,"64":4,"65":4,"66":4,"67":21,"68":4,"69":4,"70":9,"71":7,"72":9,"73":3,"74":4,"75":39,"76":39,"77":39,"78":58,"79":16,"80":23,"81":45,"82":6,"83":39,"84":3,"85":3,"86":6,"87":3,"88":36,"89":7,"90":7,"91":33,"92":7,"93":3,"94":3,"95":8,"96":3,"97":3,"98":3,"99":6,"100":3,"101":3,"102":8,"103":8,"104":17,"105":2,"106":15,"107":3,"108":2},"f":{"0":4,"1":2,"2":12,"3":3,"4":8,"5":7,"6":6,"7":12,"8":45,"9":6,"10":39,"11":7,"12":3},"b":{"0":[1,24],"1":[8,12],"2":[4],"3":[2,10],"4":[1,9],"5":[2,5],"6":[1],"7":[26,19],"8":[1,6],"9":[18,20],"10":[8],"11":[2,10],"12":[9,6],"13":[41],"14":[1,5],"15":[1,4],"16":[4,17],"17":[7,2],"18":[3,6],"19":[1,38],"20":[16,42],"21":[6,39],"22":[3,36],"23":[2,15]},"_coverageSchema":"1a1c01bbd47fc00a2c39e90264f33305004495a9","hash":"a04c514aa5959017412ddc828a30fe99d1a2b1c5"}
,"C:\\Users\\pereg\\WebstormProjects\\RSSchool\\unit-testing\\src\\objects.js": {"path":"C:\\Users\\pereg\\WebstormProjects\\RSSchool\\unit-testing\\src\\objects.js","statementMap":{"0":{"start":{"line":1,"column":0},"end":{"line":1,"column":41}},"1":{"start":{"line":2,"column":8},"end":{"line":2,"column":23}},"2":{"start":{"line":29,"column":24},"end":{"line":40,"column":9}},"3":{"start":{"line":30,"column":12},"end":{"line":38,"column":13}},"4":{"start":{"line":31,"column":26},"end":{"line":31,"column":29}},"5":{"start":{"line":32,"column":16},"end":{"line":34,"column":17}},"6":{"start":{"line":32,"column":29},"end":{"line":32,"column":30}},"7":{"start":{"line":33,"column":20},"end":{"line":33,"column":55}},"8":{"start":{"line":35,"column":16},"end":{"line":35,"column":26}},"9":{"start":{"line":36,"column":19},"end":{"line":38,"column":13}},"10":{"start":{"line":37,"column":16},"end":{"line":37,"column":46}},"11":{"start":{"line":39,"column":12},"end":{"line":39,"column":25}},"12":{"start":{"line":42,"column":8},"end":{"line":48,"column":9}},"13":{"start":{"line":43,"column":12},"end":{"line":47,"column":13}},"14":{"start":{"line":44,"column":16},"end":{"line":45,"column":28}},"15":{"start":{"line":45,"column":20},"end":{"line":45,"column":28}},"16":{"start":{"line":46,"column":16},"end":{"line":46,"column":65}},"17":{"start":{"line":50,"column":8},"end":{"line":50,"column":25}},"18":{"start":{"line":64,"column":8},"end":{"line":68,"column":9}},"19":{"start":{"line":65,"column":22},"end":{"line":65,"column":27}},"20":{"start":{"line":66,"column":12},"end":{"line":66,"column":22}},"21":{"start":{"line":67,"column":12},"end":{"line":67,"column":24}},"22":{"start":{"line":69,"column":21},"end":{"line":69,"column":23}},"23":{"start":{"line":70,"column":8},"end":{"line":74,"column":9}},"24":{"start":{"line":71,"column":12},"end":{"line":73,"column":13}},"25":{"start":{"line":72,"column":16},"end":{"line":72,"column":41}},"26":{"start":{"line":75,"column":8},"end":{"line":75,"column":21}},"27":{"start":{"line":89,"column":21},"end":{"line":89,"column":23}},"28":{"start":{"line":90,"column":8},"end":{"line":94,"column":9}},"29":{"start":{"line":91,"column":12},"end":{"line":93,"column":13}},"30":{"start":{"line":92,"column":16},"end":{"line":92,"column":41}},"31":{"start":{"line":95,"column":8},"end":{"line":95,"column":21}},"32":{"start":{"line":107,"column":8},"end":{"line":111,"column":9}},"33":{"start":{"line":108,"column":22},"end":{"line":108,"column":27}},"34":{"start":{"line":109,"column":12},"end":{"line":109,"column":22}},"35":{"start":{"line":110,"column":12},"end":{"line":110,"column":24}},"36":{"start":{"line":112,"column":21},"end":{"line":112,"column":23}},"37":{"start":{"line":113,"column":8},"end":{"line":117,"column":9}},"38":{"start":{"line":114,"column":12},"end":{"line":116,"column":13}},"39":{"start":{"line":115,"column":16},"end":{"line":115,"column":41}},"40":{"start":{"line":118,"column":8},"end":{"line":118,"column":21}},"41":{"start":{"line":131,"column":21},"end":{"line":131,"column":23}},"42":{"start":{"line":132,"column":8},"end":{"line":136,"column":9}},"43":{"start":{"line":133,"column":12},"end":{"line":135,"column":13}},"44":{"start":{"line":134,"column":16},"end":{"line":134,"column":41}},"45":{"start":{"line":137,"column":8},"end":{"line":137,"column":21}},"46":{"start":{"line":150,"column":18},"end":{"line":150,"column":20}},"47":{"start":{"line":151,"column":21},"end":{"line":151,"column":23}},"48":{"start":{"line":153,"column":8},"end":{"line":155,"column":9}},"49":{"start":{"line":154,"column":12},"end":{"line":154,"column":25}},"50":{"start":{"line":157,"column":8},"end":{"line":170,"column":9}},"51":{"start":{"line":158,"column":12},"end":{"line":163,"column":13}},"52":{"start":{"line":159,"column":24},"end":{"line":159,"column":26}},"53":{"start":{"line":160,"column":16},"end":{"line":160,"column":24}},"54":{"start":{"line":161,"column":16},"end":{"line":161,"column":24}},"55":{"start":{"line":162,"column":16},"end":{"line":162,"column":41}},"56":{"start":{"line":164,"column":15},"end":{"line":170,"column":9}},"57":{"start":{"line":165,"column":12},"end":{"line":167,"column":13}},"58":{"start":{"line":166,"column":16},"end":{"line":166,"column":41}},"59":{"start":{"line":169,"column":12},"end":{"line":169,"column":52}},"60":{"start":{"line":172,"column":8},"end":{"line":178,"column":9}},"61":{"start":{"line":173,"column":20},"end":{"line":173,"column":22}},"62":{"start":{"line":174,"column":12},"end":{"line":174,"column":22}},"63":{"start":{"line":175,"column":12},"end":{"line":175,"column":27}},"64":{"start":{"line":177,"column":12},"end":{"line":177,"column":37}},"65":{"start":{"line":180,"column":8},"end":{"line":180,"column":21}},"66":{"start":{"line":184,"column":0},"end":{"line":184,"column":29}}},"fnMap":{"0":{"name":"(anonymous_0)","decl":{"start":{"line":28,"column":4},"end":{"line":28,"column":5}},"loc":{"start":{"line":28,"column":34},"end":{"line":52,"column":5}},"line":28},"1":{"name":"(anonymous_1)","decl":{"start":{"line":29,"column":24},"end":{"line":29,"column":25}},"loc":{"start":{"line":29,"column":41},"end":{"line":40,"column":9}},"line":29},"2":{"name":"(anonymous_2)","decl":{"start":{"line":63,"column":4},"end":{"line":63,"column":5}},"loc":{"start":{"line":63,"column":24},"end":{"line":76,"column":5}},"line":63},"3":{"name":"(anonymous_3)","decl":{"start":{"line":88,"column":4},"end":{"line":88,"column":5}},"loc":{"start":{"line":88,"column":25},"end":{"line":96,"column":5}},"line":88},"4":{"name":"(anonymous_4)","decl":{"start":{"line":106,"column":4},"end":{"line":106,"column":5}},"loc":{"start":{"line":106,"column":24},"end":{"line":119,"column":5}},"line":106},"5":{"name":"(anonymous_5)","decl":{"start":{"line":130,"column":4},"end":{"line":130,"column":5}},"loc":{"start":{"line":130,"column":25},"end":{"line":138,"column":5}},"line":130},"6":{"name":"(anonymous_6)","decl":{"start":{"line":149,"column":4},"end":{"line":149,"column":5}},"loc":{"start":{"line":149,"column":20},"end":{"line":181,"column":5}},"line":149}},"branchMap":{"0":{"loc":{"start":{"line":30,"column":12},"end":{"line":38,"column":13}},"type":"if","locations":[{"start":{"line":30,"column":12},"end":{"line":38,"column":13}},{"start":{"line":36,"column":19},"end":{"line":38,"column":13}}],"line":30},"1":{"loc":{"start":{"line":30,"column":16},"end":{"line":30,"column":63}},"type":"binary-expr","locations":[{"start":{"line":30,"column":16},"end":{"line":30,"column":36}},{"start":{"line":30,"column":40},"end":{"line":30,"column":63}}],"line":30},"2":{"loc":{"start":{"line":36,"column":19},"end":{"line":38,"column":13}},"type":"if","locations":[{"start":{"line":36,"column":19},"end":{"line":38,"column":13}},{"start":{},"end":{}}],"line":36},"3":{"loc":{"start":{"line":36,"column":23},"end":{"line":36,"column":72}},"type":"binary-expr","locations":[{"start":{"line":36,"column":23},"end":{"line":36,"column":44}},{"start":{"line":36,"column":48},"end":{"line":36,"column":72}}],"line":36},"4":{"loc":{"start":{"line":44,"column":16},"end":{"line":45,"column":28}},"type":"if","locations":[{"start":{"line":44,"column":16},"end":{"line":45,"column":28}},{"start":{},"end":{}}],"line":44},"5":{"loc":{"start":{"line":64,"column":8},"end":{"line":68,"column":9}},"type":"if","locations":[{"start":{"line":64,"column":8},"end":{"line":68,"column":9}},{"start":{},"end":{}}],"line":64},"6":{"loc":{"start":{"line":71,"column":12},"end":{"line":73,"column":13}},"type":"if","locations":[{"start":{"line":71,"column":12},"end":{"line":73,"column":13}},{"start":{},"end":{}}],"line":71},"7":{"loc":{"start":{"line":91,"column":12},"end":{"line":93,"column":13}},"type":"if","locations":[{"start":{"line":91,"column":12},"end":{"line":93,"column":13}},{"start":{},"end":{}}],"line":91},"8":{"loc":{"start":{"line":107,"column":8},"end":{"line":111,"column":9}},"type":"if","locations":[{"start":{"line":107,"column":8},"end":{"line":111,"column":9}},{"start":{},"end":{}}],"line":107},"9":{"loc":{"start":{"line":114,"column":12},"end":{"line":116,"column":13}},"type":"if","locations":[{"start":{"line":114,"column":12},"end":{"line":116,"column":13}},{"start":{},"end":{}}],"line":114},"10":{"loc":{"start":{"line":133,"column":12},"end":{"line":135,"column":13}},"type":"if","locations":[{"start":{"line":133,"column":12},"end":{"line":135,"column":13}},{"start":{},"end":{}}],"line":133},"11":{"loc":{"start":{"line":153,"column":8},"end":{"line":155,"column":9}},"type":"if","locations":[{"start":{"line":153,"column":8},"end":{"line":155,"column":9}},{"start":{},"end":{}}],"line":153},"12":{"loc":{"start":{"line":157,"column":8},"end":{"line":170,"column":9}},"type":"if","locations":[{"start":{"line":157,"column":8},"end":{"line":170,"column":9}},{"start":{"line":164,"column":15},"end":{"line":170,"column":9}}],"line":157},"13":{"loc":{"start":{"line":164,"column":15},"end":{"line":170,"column":9}},"type":"if","locations":[{"start":{"line":164,"column":15},"end":{"line":170,"column":9}},{"start":{"line":168,"column":15},"end":{"line":170,"column":9}}],"line":164}},"s":{"0":1,"1":1,"2":12,"3":14,"4":2,"5":2,"6":2,"7":4,"8":2,"9":12,"10":4,"11":8,"12":12,"13":12,"14":12,"15":2,"16":10,"17":12,"18":5,"19":2,"20":2,"21":2,"22":5,"23":5,"24":11,"25":6,"26":5,"27":7,"28":7,"29":16,"30":8,"31":7,"32":7,"33":2,"34":2,"35":2,"36":7,"37":7,"38":16,"39":6,"40":7,"41":6,"42":6,"43":13,"44":5,"45":6,"46":8,"47":8,"48":8,"49":1,"50":7,"51":1,"52":3,"53":3,"54":3,"55":3,"56":6,"57":2,"58":3,"59":4,"60":7,"61":8,"62":8,"63":8,"64":8,"65":7,"66":1},"f":{"0":12,"1":14,"2":5,"3":7,"4":7,"5":6,"6":8},"b":{"0":[2,12],"1":[14,3],"2":[4,8],"3":[12,5],"4":[2,10],"5":[2,3],"6":[6,5],"7":[8,8],"8":[2,5],"9":[6,10],"10":[5,8],"11":[1,7],"12":[1,6],"13":[2,4]},"_coverageSchema":"1a1c01bbd47fc00a2c39e90264f33305004495a9","hash":"6467de9123c55c2f5cfd156ed5dd14c72ae29078"}
}
