TN:
SF:src\arrays.js
FN:13,(anonymous_0)
FN:37,(anonymous_1)
FN:56,(anonymous_2)
FN:80,(anonymous_3)
FN:104,(anonymous_4)
FN:124,(anonymous_5)
FN:127,(anonymous_6)
FN:149,(anonymous_7)
FN:186,(anonymous_8)
FN:187,includesSub
FN:208,includesArray
FN:242,(anonymous_11)
FN:262,(anonymous_12)
FNF:13
FNH:13
FNDA:4,(anonymous_0)
FNDA:2,(anonymous_1)
FNDA:12,(anonymous_2)
FNDA:3,(anonymous_3)
FNDA:8,(anonymous_4)
FNDA:7,(anonymous_5)
FNDA:6,(anonymous_6)
FNDA:12,(anonymous_7)
FNDA:45,(anonymous_8)
FNDA:6,includesSub
FNDA:39,includesArray
FNDA:7,(anonymous_11)
FNDA:3,(anonymous_12)
DA:14,4
DA:15,4
DA:16,10
DA:17,10
DA:18,25
DA:19,1
DA:21,24
DA:23,10
DA:25,4
DA:38,2
DA:39,2
DA:40,20
DA:41,8
DA:44,2
DA:57,12
DA:58,2
DA:60,10
DA:61,1
DA:63,9
DA:64,9
DA:65,19
DA:67,9
DA:81,3
DA:82,3
DA:83,3
DA:84,7
DA:85,2
DA:86,2
DA:89,3
DA:90,5
DA:92,3
DA:105,8
DA:107,8
DA:108,18
DA:111,8
DA:125,7
DA:126,7
DA:127,6
DA:129,7
DA:130,38
DA:131,18
DA:135,7
DA:150,12
DA:151,2
DA:155,10
DA:157,10
DA:158,38
DA:161,10
DA:162,15
DA:163,9
DA:164,9
DA:168,10
DA:188,6
DA:189,1
DA:191,5
DA:192,1
DA:195,4
DA:196,4
DA:197,4
DA:198,21
DA:199,4
DA:200,9
DA:201,9
DA:205,4
DA:209,39
DA:210,39
DA:211,58
DA:213,23
DA:216,45
DA:217,6
DA:220,39
DA:221,3
DA:222,3
DA:223,6
DA:225,3
DA:228,36
DA:243,7
DA:244,7
DA:245,33
DA:247,7
DA:263,3
DA:264,3
DA:265,8
DA:268,3
DA:269,3
DA:270,6
DA:273,3
DA:274,8
DA:275,17
DA:276,2
DA:278,15
DA:283,3
DA:287,2
LF:93
LH:93
BRDA:18,0,0,1
BRDA:18,0,1,24
BRDA:40,1,0,8
BRDA:40,1,1,12
BRDA:56,2,0,4
BRDA:57,3,0,2
BRDA:57,3,1,10
BRDA:60,4,0,1
BRDA:60,4,1,9
BRDA:84,5,0,2
BRDA:84,5,1,5
BRDA:104,6,0,1
BRDA:107,7,0,26
BRDA:107,7,1,19
BRDA:126,8,0,1
BRDA:126,8,1,6
BRDA:130,9,0,18
BRDA:130,9,1,20
BRDA:149,10,0,8
BRDA:150,11,0,2
BRDA:150,11,1,10
BRDA:162,12,0,9
BRDA:162,12,1,6
BRDA:186,13,0,41
BRDA:188,14,0,1
BRDA:188,14,1,5
BRDA:191,15,0,1
BRDA:191,15,1,4
BRDA:198,16,0,4
BRDA:198,16,1,17
BRDA:200,17,0,7
BRDA:200,17,1,2
BRDA:201,18,0,3
BRDA:201,18,1,6
BRDA:209,19,0,1
BRDA:209,19,1,38
BRDA:211,20,0,16
BRDA:211,20,1,42
BRDA:216,21,0,6
BRDA:216,21,1,39
BRDA:220,22,0,3
BRDA:220,22,1,36
BRDA:275,23,0,2
BRDA:275,23,1,15
BRF:44
BRH:44
end_of_record
TN:
SF:src\objects.js
FN:28,(anonymous_0)
FN:29,(anonymous_1)
FN:63,(anonymous_2)
FN:88,(anonymous_3)
FN:106,(anonymous_4)
FN:130,(anonymous_5)
FN:149,(anonymous_6)
FNF:7
FNH:7
FNDA:12,(anonymous_0)
FNDA:14,(anonymous_1)
FNDA:5,(anonymous_2)
FNDA:7,(anonymous_3)
FNDA:7,(anonymous_4)
FNDA:6,(anonymous_5)
FNDA:8,(anonymous_6)
DA:1,1
DA:2,1
DA:29,12
DA:30,14
DA:31,2
DA:32,2
DA:33,4
DA:35,2
DA:36,12
DA:37,4
DA:39,8
DA:42,12
DA:43,12
DA:44,12
DA:45,2
DA:46,10
DA:50,12
DA:64,5
DA:65,2
DA:66,2
DA:67,2
DA:69,5
DA:70,5
DA:71,11
DA:72,6
DA:75,5
DA:89,7
DA:90,7
DA:91,16
DA:92,8
DA:95,7
DA:107,7
DA:108,2
DA:109,2
DA:110,2
DA:112,7
DA:113,7
DA:114,16
DA:115,6
DA:118,7
DA:131,6
DA:132,6
DA:133,13
DA:134,5
DA:137,6
DA:150,8
DA:151,8
DA:153,8
DA:154,1
DA:157,7
DA:158,1
DA:159,3
DA:160,3
DA:161,3
DA:162,3
DA:164,6
DA:165,2
DA:166,3
DA:169,4
DA:172,7
DA:173,8
DA:174,8
DA:175,8
DA:177,8
DA:180,7
DA:184,1
LF:66
LH:66
BRDA:30,0,0,2
BRDA:30,0,1,12
BRDA:30,1,0,14
BRDA:30,1,1,3
BRDA:36,2,0,4
BRDA:36,2,1,8
BRDA:36,3,0,12
BRDA:36,3,1,5
BRDA:44,4,0,2
BRDA:44,4,1,10
BRDA:64,5,0,2
BRDA:64,5,1,3
BRDA:71,6,0,6
BRDA:71,6,1,5
BRDA:91,7,0,8
BRDA:91,7,1,8
BRDA:107,8,0,2
BRDA:107,8,1,5
BRDA:114,9,0,6
BRDA:114,9,1,10
BRDA:133,10,0,5
BRDA:133,10,1,8
BRDA:153,11,0,1
BRDA:153,11,1,7
BRDA:157,12,0,1
BRDA:157,12,1,6
BRDA:164,13,0,2
BRDA:164,13,1,4
BRF:28
BRH:28
end_of_record
